<?xml version="1.0" encoding="UTF-8"?>
<!-- Generated by org.testng.reporters.JUnitReportReporter -->
<testsuite hostname="Shahar" failures="0" tests="1" name="tests.SearchAndPlayVideoItemTest" time="33.119" errors="0" timestamp="2022-11-30T20:19:01 IST" skipped="0">
  <testcase classname="tests.SearchAndPlayVideoItemTest" name="tc_01_searchAndPlayVideoContent" time="33.119"/>
  <system-out/>
</testsuite> <!-- tests.SearchAndPlayVideoItemTest -->
